Error: A JNI error has occurred, please check your installation and try again
Exception in thread "main" java.lang.IllegalArgumentException: Error decoding percent encoded characters
	at java.base/sun.net.www.ParseUtil.decode(ParseUtil.java:221)
	at java.base/jdk.internal.loader.FileURLMapper.getPath(FileURLMapper.java:66)
	at java.base/jdk.internal.loader.FileURLMapper.exists(FileURLMapper.java:71)
	at java.base/jdk.internal.loader.URLClassPath$JarLoader.getJarFile(URLClassPath.java:805)
	at java.base/jdk.internal.loader.URLClassPath$JarLoader$1.run(URLClassPath.java:774)
	at java.base/jdk.internal.loader.URLClassPath$JarLoader$1.run(URLClassPath.java:768)
	at java.base/java.security.AccessController.doPrivileged(AccessController.java:714)
	at java.base/jdk.internal.loader.URLClassPath$JarLoader.ensureOpen(URLClassPath.java:767)
	at java.base/jdk.internal.loader.URLClassPath$JarLoader.<init>(URLClassPath.java:734)
	at java.base/jdk.internal.loader.URLClassPath$3.run(URLClassPath.java:497)
	at java.base/jdk.internal.loader.URLClassPath$3.run(URLClassPath.java:479)
	at java.base/java.security.AccessController.doPrivileged(AccessController.java:714)
	at java.base/jdk.internal.loader.URLClassPath.getLoader(URLClassPath.java:478)
	at java.base/jdk.internal.loader.URLClassPath.getLoader(URLClassPath.java:446)
	at java.base/jdk.internal.loader.URLClassPath.getResource(URLClassPath.java:315)
	at java.base/jdk.internal.loader.BuiltinClassLoader.findClassOnClassPathOrNull(BuiltinClassLoader.java:757)
	at java.base/jdk.internal.loader.BuiltinClassLoader.loadClassOrNull(BuiltinClassLoader.java:681)
	at java.base/jdk.internal.loader.BuiltinClassLoader.loadClass(BuiltinClassLoader.java:639)
	at java.base/jdk.internal.loader.ClassLoaders$AppClassLoader.loadClass(ClassLoaders.java:188)
	at java.base/java.lang.ClassLoader.loadClass(ClassLoader.java:526)
	at java.base/java.lang.Class.forName0(Native Method)
	at java.base/java.lang.Class.forName(Class.java:534)
	at java.base/java.lang.Class.forName(Class.java:513)
	at java.base/sun.launcher.LauncherHelper.loadMainClass(LauncherHelper.java:811)
	at java.base/sun.launcher.LauncherHelper.checkAndLoadMain(LauncherHelper.java:706)
